<!DOCTYPE html>

<html>
  <head>
  <meta charset='utf-8'>
  <title>TestNG reports</title>

    <link type="text/css" href="testng-reports1.css" rel="stylesheet" id="ultra" />
    <link type="text/css" href="testng-reports.css" rel="stylesheet" id="retro" disabled="false"/>
    <script type="text/javascript" src="jquery-3.6.0.min.js"></script>
    <script type="text/javascript" src="testng-reports.js"></script>
    <script type="text/javascript" src="https://www.google.com/jsapi"></script>
    <script type='text/javascript'>
      google.load('visualization', '1', {packages:['table']});
      google.setOnLoadCallback(drawTable);
      var suiteTableInitFunctions = new Array();
      var suiteTableData = new Array();
    </script>
    <!--
      <script type="text/javascript" src="jquery-ui/js/jquery-ui-1.8.16.custom.min.js"></script>
     -->
  </head>

  <body>    <div class="top-banner-root">
      <span class="top-banner-title-font">Test results</span>
      <button id="button" class="button">Switch Retro Theme</button> <!-- button -->
      <br/>
      <span class="top-banner-font-1">1 suite, 6 failed tests</span>
    </div> <!-- top-banner-root -->
    <div class="navigator-root">
      <div class="navigator-suite-header">
        <span>All suites</span>
        <a href="#" title="Collapse/expand all the suites" class="collapse-all-link">
          <img src="collapseall.gif" class="collapse-all-icon">
          </img> <!-- collapse-all-icon -->
        </a> <!-- collapse-all-link -->
      </div> <!-- navigator-suite-header -->
      <div class="suite">
        <div class="rounded-window">
          <div class="suite-header light-rounded-window-top">
            <a href="#" panel-name="suite-test1" class="navigator-link">
              <span class="suite-name border-failed">test1</span>
            </a> <!-- navigator-link -->
          </div> <!-- suite-header light-rounded-window-top -->
          <div class="navigator-suite-content">
            <div class="suite-section-title">
              <span>Info</span>
            </div> <!-- suite-section-title -->
            <div class="suite-section-content">
              <ul>
                <li>
                  <a href="#" panel-name="test-xml-test1" class="navigator-link ">
                    <span>C:\Users\HP\eclipse-workspace\RLL_dbankdemo\src\test\java\runner\Testngrunner.xml</span>
                  </a> <!-- navigator-link  -->
                </li>
                <li>
                  <a href="#" panel-name="testlist-test1" class="navigator-link ">
                    <span class="test-stats">1 test</span>
                  </a> <!-- navigator-link  -->
                </li>
                <li>
                  <a href="#" panel-name="group-test1" class="navigator-link ">
                    <span>0 groups</span>
                  </a> <!-- navigator-link  -->
                </li>
                <li>
                  <a href="#" panel-name="times-test1" class="navigator-link ">
                    <span>Times</span>
                  </a> <!-- navigator-link  -->
                </li>
                <li>
                  <a href="#" panel-name="reporter-test1" class="navigator-link ">
                    <span>Reporter output</span>
                  </a> <!-- navigator-link  -->
                </li>
                <li>
                  <a href="#" panel-name="ignored-methods-test1" class="navigator-link ">
                    <span>Ignored methods</span>
                  </a> <!-- navigator-link  -->
                </li>
                <li>
                  <a href="#" panel-name="chronological-test1" class="navigator-link ">
                    <span>Chronological view</span>
                  </a> <!-- navigator-link  -->
                </li>
              </ul>
            </div> <!-- suite-section-content -->
            <div class="result-section">
              <div class="suite-section-title">
                <span>Results</span>
              </div> <!-- suite-section-title -->
              <div class="suite-section-content">
                <ul>
                  <li>
                    <span class="method-stats">16 methods, 6 failed,  7 skipped,  3 passed</span>
                  </li>
                  <li>
                    <span class="method-list-title failed">Failed methods</span>
                    <span class="show-or-hide-methods failed">
                      <a href="#" panel-name="suite-test1" class="hide-methods failed suite-test1"> (hide)</a> <!-- hide-methods failed suite-test1 -->
                      <a href="#" panel-name="suite-test1" class="show-methods failed suite-test1"> (show)</a> <!-- show-methods failed suite-test1 -->
                    </span>
                    <div class="method-list-content failed suite-test1">
                      <span>
                        <img src="failed.png" width="3%"/>
                        <a href="#" panel-name="suite-test1" title="tests.SignUpTest" class="method navigator-link" hash-for-method="testSignUp">testSignUp</a> <!-- method navigator-link -->
                      </span>
                      <br/>
                      <span>
                        <img src="failed.png" width="3%"/>
                        <a href="#" panel-name="suite-test1" title="tests.Direct_Payment_to_Visa_Test" class="method navigator-link" hash-for-method="testVisaPayment">testVisaPayment</a> <!-- method navigator-link -->
                      </span>
                      <br/>
                      <span>
                        <img src="failed.png" width="3%"/>
                        <a href="#" panel-name="suite-test1" title="tests.SignInTest" class="method navigator-link" hash-for-method="testmultipleLogin(pruthvishree.k@mphasis.com, Admin@123)">testmultipleLogin(pruthvishree.k@mphasis.com, Admin@123)</a> <!-- method navigator-link -->
                      </span>
                      <br/>
                      <span>
                        <img src="failed.png" width="3%"/>
                        <a href="#" panel-name="suite-test1" title="tests.SignInTest" class="method navigator-link" hash-for-method="testmultipleLogin(pruthvishreesk58@gmail.com, Veena@123)">testmultipleLogin(pruthvishreesk58@gmail.com, Veena@123)</a> <!-- method navigator-link -->
                      </span>
                      <br/>
                      <span>
                        <img src="failed.png" width="3%"/>
                        <a href="#" panel-name="suite-test1" title="tests.SignInTest" class="method navigator-link" hash-for-method="testmultipleLogin(sanjanapmm263@gmail.com, Veena@123)">testmultipleLogin(sanjanapmm263@gmail.com, Veena@123)</a> <!-- method navigator-link -->
                      </span>
                      <br/>
                      <span>
                        <img src="failed.png" width="3%"/>
                        <a href="#" panel-name="suite-test1" title="tests.Deposit_into_Account_Test" class="method navigator-link" hash-for-method="testwithdraw">testwithdraw</a> <!-- method navigator-link -->
                      </span>
                      <br/>
                    </div> <!-- method-list-content failed suite-test1 -->
                  </li>
                  <li>
                    <span class="method-list-title skipped">Skipped methods</span>
                    <span class="show-or-hide-methods skipped">
                      <a href="#" panel-name="suite-test1" class="hide-methods skipped suite-test1"> (hide)</a> <!-- hide-methods skipped suite-test1 -->
                      <a href="#" panel-name="suite-test1" class="show-methods skipped suite-test1"> (show)</a> <!-- show-methods skipped suite-test1 -->
                    </span>
                    <div class="method-list-content skipped suite-test1">
                      <span>
                        <img src="skipped.png" width="3%"/>
                        <a href="#" panel-name="suite-test1" title="tests.Transfer_between_Accounts_Test" class="method navigator-link" hash-for-method="testTransfer">testTransfer</a> <!-- method navigator-link -->
                      </span>
                      <br/>
                    </div> <!-- method-list-content skipped suite-test1 -->
                  </li>
                  <li>
                    <span class="method-list-title skipped">Retried methods</span>
                    <span class="show-or-hide-methods skipped">
                      <a href="#" panel-name="suite-test1" class="hide-methods skipped suite-test1"> (hide)</a> <!-- hide-methods skipped suite-test1 -->
                      <a href="#" panel-name="suite-test1" class="show-methods skipped suite-test1"> (show)</a> <!-- show-methods skipped suite-test1 -->
                    </span>
                    <div class="method-list-content skipped suite-test1">
                      <span>
                        <img src="skipped.png" width="3%"/>
                        <a href="#" panel-name="suite-test1" title="tests.SignUpTest" class="method navigator-link" hash-for-method="testSignUp">testSignUp</a> <!-- method navigator-link -->
                      </span>
                      <br/>
                      <span>
                        <img src="skipped.png" width="3%"/>
                        <a href="#" panel-name="suite-test1" title="tests.Direct_Payment_to_Visa_Test" class="method navigator-link" hash-for-method="testVisaPayment">testVisaPayment</a> <!-- method navigator-link -->
                      </span>
                      <br/>
                      <span>
                        <img src="skipped.png" width="3%"/>
                        <a href="#" panel-name="suite-test1" title="tests.SignInTest" class="method navigator-link" hash-for-method="testmultipleLogin(pruthvishreesk58@gmail.com, Veena@123)">testmultipleLogin(pruthvishreesk58@gmail.com, Veena@123)</a> <!-- method navigator-link -->
                      </span>
                      <br/>
                      <span>
                        <img src="skipped.png" width="3%"/>
                        <a href="#" panel-name="suite-test1" title="tests.SignInTest" class="method navigator-link" hash-for-method="testmultipleLogin(pruthvishree.k@mphasis.com, Admin@123)">testmultipleLogin(pruthvishree.k@mphasis.com, Admin@123)</a> <!-- method navigator-link -->
                      </span>
                      <br/>
                      <span>
                        <img src="skipped.png" width="3%"/>
                        <a href="#" panel-name="suite-test1" title="tests.SignInTest" class="method navigator-link" hash-for-method="testmultipleLogin(sanjanapmm263@gmail.com, Veena@123)">testmultipleLogin(sanjanapmm263@gmail.com, Veena@123)</a> <!-- method navigator-link -->
                      </span>
                      <br/>
                      <span>
                        <img src="skipped.png" width="3%"/>
                        <a href="#" panel-name="suite-test1" title="tests.Deposit_into_Account_Test" class="method navigator-link" hash-for-method="testwithdraw">testwithdraw</a> <!-- method navigator-link -->
                      </span>
                      <br/>
                    </div> <!-- method-list-content skipped suite-test1 -->
                  </li>
                  <li>
                    <span class="method-list-title passed">Passed methods</span>
                    <span class="show-or-hide-methods passed">
                      <a href="#" panel-name="suite-test1" class="hide-methods passed suite-test1"> (hide)</a> <!-- hide-methods passed suite-test1 -->
                      <a href="#" panel-name="suite-test1" class="show-methods passed suite-test1"> (show)</a> <!-- show-methods passed suite-test1 -->
                    </span>
                    <div class="method-list-content passed suite-test1">
                      <span>
                        <img src="passed.png" width="3%"/>
                        <a href="#" panel-name="suite-test1" title="tests.Search_TRN_View_Saving_Test" class="method navigator-link" hash-for-method="testSearchTRN">testSearchTRN</a> <!-- method navigator-link -->
                      </span>
                      <br/>
                      <span>
                        <img src="passed.png" width="3%"/>
                        <a href="#" panel-name="suite-test1" title="tests.Search_TRN_View_Checking_Test" class="method navigator-link" hash-for-method="testSearchTRN">testSearchTRN</a> <!-- method navigator-link -->
                      </span>
                      <br/>
                      <span>
                        <img src="passed.png" width="3%"/>
                        <a href="#" panel-name="suite-test1" title="tests.Withdraw_from_Account_Test" class="method navigator-link" hash-for-method="testwithdraw">testwithdraw</a> <!-- method navigator-link -->
                      </span>
                      <br/>
                    </div> <!-- method-list-content passed suite-test1 -->
                  </li>
                </ul>
              </div> <!-- suite-section-content -->
            </div> <!-- result-section -->
          </div> <!-- navigator-suite-content -->
        </div> <!-- rounded-window -->
      </div> <!-- suite -->
    </div> <!-- navigator-root -->
    <div class="wrapper">
      <div class="main-panel-root">
        <div panel-name="suite-test1" class="panel test1">
          <div class="suite-test1-class-failed">
            <div class="main-panel-header rounded-window-top">
              <img src="failed.png"/>
              <span class="class-name">tests.SignInTest</span>
            </div> <!-- main-panel-header rounded-window-top -->
            <div class="main-panel-content rounded-window-bottom">
              <div class="method">
                <div class="method-content">
                  <a name="testmultipleLogin(pruthvishree.k@mphasis.com, Admin@123)">
                  </a> <!-- testmultipleLogin(pruthvishree.k@mphasis.com, Admin@123) -->
                  <span class="method-name">testmultipleLogin</span>
                  <span class="parameters">(pruthvishree.k@mphasis.com,Admin@123)</span>
                  <div class="stack-trace">org.openqa.selenium.NoSuchElementException: no such element: Unable to locate element: {&quot;method&quot;:&quot;xpath&quot;,&quot;selector&quot;:&quot;//input[@id=&apos;username&apos;]&quot;}
  (Session info: chrome=120.0.6099.71)
For documentation on this error, please visit: https://www.selenium.dev/documentation/webdriver/troubleshooting/errors#no-such-element-exception
Build info: version: &apos;4.11.0&apos;, revision: &apos;040bc5406b&apos;
System info: os.name: &apos;Windows 11&apos;, os.arch: &apos;amd64&apos;, os.version: &apos;10.0&apos;, java.version: &apos;11.0.20.1&apos;
Driver info: org.openqa.selenium.chrome.ChromeDriver
Command: [64b993b5c4f6e23d0ec3420d7221ebfb, findElement {using=xpath, value=//input[@id=&apos;username&apos;]}]
Capabilities {acceptInsecureCerts: false, browserName: chrome, browserVersion: 120.0.6099.71, chrome: {chromedriverVersion: 120.0.6099.71 (9729082fe617..., userDataDir: C:\Users\HP\AppData\Local\T...}, fedcm:accounts: true, goog:chromeOptions: {debuggerAddress: localhost:9718}, networkConnectionEnabled: false, pageLoadStrategy: normal, platformName: windows, proxy: Proxy(), se:cdp: ws://localhost:9718/devtool..., se:cdpVersion: 120.0.6099.71, setWindowRect: true, strictFileInteractability: false, timeouts: {implicit: 0, pageLoad: 300000, script: 30000}, unhandledPromptBehavior: dismiss and notify, webauthn:extension:credBlob: true, webauthn:extension:largeBlob: true, webauthn:extension:minPinLength: true, webauthn:extension:prf: true, webauthn:virtualAuthenticators: true}
Session ID: 64b993b5c4f6e23d0ec3420d7221ebfb
	at org.openqa.selenium.remote.codec.w3c.W3CHttpResponseCodec.createException(W3CHttpResponseCodec.java:200)
	at org.openqa.selenium.remote.codec.w3c.W3CHttpResponseCodec.decode(W3CHttpResponseCodec.java:133)
	at org.openqa.selenium.remote.codec.w3c.W3CHttpResponseCodec.decode(W3CHttpResponseCodec.java:52)
	at org.openqa.selenium.remote.HttpCommandExecutor.execute(HttpCommandExecutor.java:191)
	at org.openqa.selenium.remote.service.DriverCommandExecutor.invokeExecute(DriverCommandExecutor.java:196)
	at org.openqa.selenium.remote.service.DriverCommandExecutor.execute(DriverCommandExecutor.java:171)
	at org.openqa.selenium.remote.RemoteWebDriver.execute(RemoteWebDriver.java:518)
	at org.openqa.selenium.remote.ElementLocation$ElementFinder$2.findElement(ElementLocation.java:165)
	at org.openqa.selenium.remote.ElementLocation.findElement(ElementLocation.java:59)
	at org.openqa.selenium.remote.RemoteWebDriver.findElement(RemoteWebDriver.java:355)
	at org.openqa.selenium.remote.RemoteWebDriver.findElement(RemoteWebDriver.java:349)
	at org.openqa.selenium.support.pagefactory.DefaultElementLocator.findElement(DefaultElementLocator.java:68)
	at org.openqa.selenium.support.pagefactory.internal.LocatingElementHandler.invoke(LocatingElementHandler.java:38)
	at com.sun.proxy.$Proxy38.sendKeys(Unknown Source)
	at pages.SignInPage.enterMultipleSignIn(SignInPage.java:39)
	at tests.SignInTest.testmultipleLogin(SignInTest.java:31)
	at java.base/java.util.ArrayList.forEach(ArrayList.java:1541)
... Removed 31 stack frames
</div> <!-- stack-trace -->
                </div> <!-- method-content -->
              </div> <!-- method -->
              <div class="method">
                <div class="method-content">
                  <a name="testmultipleLogin(pruthvishreesk58@gmail.com, Veena@123)">
                  </a> <!-- testmultipleLogin(pruthvishreesk58@gmail.com, Veena@123) -->
                  <span class="method-name">testmultipleLogin</span>
                  <span class="parameters">(pruthvishreesk58@gmail.com,Veena@123)</span>
                  <div class="stack-trace">org.openqa.selenium.NoSuchElementException: no such element: Unable to locate element: {&quot;method&quot;:&quot;xpath&quot;,&quot;selector&quot;:&quot;//input[@id=&apos;username&apos;]&quot;}
  (Session info: chrome=120.0.6099.71)
For documentation on this error, please visit: https://www.selenium.dev/documentation/webdriver/troubleshooting/errors#no-such-element-exception
Build info: version: &apos;4.11.0&apos;, revision: &apos;040bc5406b&apos;
System info: os.name: &apos;Windows 11&apos;, os.arch: &apos;amd64&apos;, os.version: &apos;10.0&apos;, java.version: &apos;11.0.20.1&apos;
Driver info: org.openqa.selenium.chrome.ChromeDriver
Command: [64b993b5c4f6e23d0ec3420d7221ebfb, findElement {using=xpath, value=//input[@id=&apos;username&apos;]}]
Capabilities {acceptInsecureCerts: false, browserName: chrome, browserVersion: 120.0.6099.71, chrome: {chromedriverVersion: 120.0.6099.71 (9729082fe617..., userDataDir: C:\Users\HP\AppData\Local\T...}, fedcm:accounts: true, goog:chromeOptions: {debuggerAddress: localhost:9718}, networkConnectionEnabled: false, pageLoadStrategy: normal, platformName: windows, proxy: Proxy(), se:cdp: ws://localhost:9718/devtool..., se:cdpVersion: 120.0.6099.71, setWindowRect: true, strictFileInteractability: false, timeouts: {implicit: 0, pageLoad: 300000, script: 30000}, unhandledPromptBehavior: dismiss and notify, webauthn:extension:credBlob: true, webauthn:extension:largeBlob: true, webauthn:extension:minPinLength: true, webauthn:extension:prf: true, webauthn:virtualAuthenticators: true}
Session ID: 64b993b5c4f6e23d0ec3420d7221ebfb
	at org.openqa.selenium.remote.codec.w3c.W3CHttpResponseCodec.createException(W3CHttpResponseCodec.java:200)
	at org.openqa.selenium.remote.codec.w3c.W3CHttpResponseCodec.decode(W3CHttpResponseCodec.java:133)
	at org.openqa.selenium.remote.codec.w3c.W3CHttpResponseCodec.decode(W3CHttpResponseCodec.java:52)
	at org.openqa.selenium.remote.HttpCommandExecutor.execute(HttpCommandExecutor.java:191)
	at org.openqa.selenium.remote.service.DriverCommandExecutor.invokeExecute(DriverCommandExecutor.java:196)
	at org.openqa.selenium.remote.service.DriverCommandExecutor.execute(DriverCommandExecutor.java:171)
	at org.openqa.selenium.remote.RemoteWebDriver.execute(RemoteWebDriver.java:518)
	at org.openqa.selenium.remote.ElementLocation$ElementFinder$2.findElement(ElementLocation.java:165)
	at org.openqa.selenium.remote.ElementLocation.findElement(ElementLocation.java:59)
	at org.openqa.selenium.remote.RemoteWebDriver.findElement(RemoteWebDriver.java:355)
	at org.openqa.selenium.remote.RemoteWebDriver.findElement(RemoteWebDriver.java:349)
	at org.openqa.selenium.support.pagefactory.DefaultElementLocator.findElement(DefaultElementLocator.java:68)
	at org.openqa.selenium.support.pagefactory.internal.LocatingElementHandler.invoke(LocatingElementHandler.java:38)
	at com.sun.proxy.$Proxy38.sendKeys(Unknown Source)
	at pages.SignInPage.enterMultipleSignIn(SignInPage.java:39)
	at tests.SignInTest.testmultipleLogin(SignInTest.java:31)
	at java.base/java.util.ArrayList.forEach(ArrayList.java:1541)
... Removed 31 stack frames
</div> <!-- stack-trace -->
                </div> <!-- method-content -->
              </div> <!-- method -->
              <div class="method">
                <div class="method-content">
                  <a name="testmultipleLogin(sanjanapmm263@gmail.com, Veena@123)">
                  </a> <!-- testmultipleLogin(sanjanapmm263@gmail.com, Veena@123) -->
                  <span class="method-name">testmultipleLogin</span>
                  <span class="parameters">(sanjanapmm263@gmail.com,Veena@123)</span>
                  <div class="stack-trace">org.openqa.selenium.NoSuchElementException: no such element: Unable to locate element: {&quot;method&quot;:&quot;xpath&quot;,&quot;selector&quot;:&quot;//input[@id=&apos;username&apos;]&quot;}
  (Session info: chrome=120.0.6099.71)
For documentation on this error, please visit: https://www.selenium.dev/documentation/webdriver/troubleshooting/errors#no-such-element-exception
Build info: version: &apos;4.11.0&apos;, revision: &apos;040bc5406b&apos;
System info: os.name: &apos;Windows 11&apos;, os.arch: &apos;amd64&apos;, os.version: &apos;10.0&apos;, java.version: &apos;11.0.20.1&apos;
Driver info: org.openqa.selenium.chrome.ChromeDriver
Command: [64b993b5c4f6e23d0ec3420d7221ebfb, findElement {using=xpath, value=//input[@id=&apos;username&apos;]}]
Capabilities {acceptInsecureCerts: false, browserName: chrome, browserVersion: 120.0.6099.71, chrome: {chromedriverVersion: 120.0.6099.71 (9729082fe617..., userDataDir: C:\Users\HP\AppData\Local\T...}, fedcm:accounts: true, goog:chromeOptions: {debuggerAddress: localhost:9718}, networkConnectionEnabled: false, pageLoadStrategy: normal, platformName: windows, proxy: Proxy(), se:cdp: ws://localhost:9718/devtool..., se:cdpVersion: 120.0.6099.71, setWindowRect: true, strictFileInteractability: false, timeouts: {implicit: 0, pageLoad: 300000, script: 30000}, unhandledPromptBehavior: dismiss and notify, webauthn:extension:credBlob: true, webauthn:extension:largeBlob: true, webauthn:extension:minPinLength: true, webauthn:extension:prf: true, webauthn:virtualAuthenticators: true}
Session ID: 64b993b5c4f6e23d0ec3420d7221ebfb
	at org.openqa.selenium.remote.codec.w3c.W3CHttpResponseCodec.createException(W3CHttpResponseCodec.java:200)
	at org.openqa.selenium.remote.codec.w3c.W3CHttpResponseCodec.decode(W3CHttpResponseCodec.java:133)
	at org.openqa.selenium.remote.codec.w3c.W3CHttpResponseCodec.decode(W3CHttpResponseCodec.java:52)
	at org.openqa.selenium.remote.HttpCommandExecutor.execute(HttpCommandExecutor.java:191)
	at org.openqa.selenium.remote.service.DriverCommandExecutor.invokeExecute(DriverCommandExecutor.java:196)
	at org.openqa.selenium.remote.service.DriverCommandExecutor.execute(DriverCommandExecutor.java:171)
	at org.openqa.selenium.remote.RemoteWebDriver.execute(RemoteWebDriver.java:518)
	at org.openqa.selenium.remote.ElementLocation$ElementFinder$2.findElement(ElementLocation.java:165)
	at org.openqa.selenium.remote.ElementLocation.findElement(ElementLocation.java:59)
	at org.openqa.selenium.remote.RemoteWebDriver.findElement(RemoteWebDriver.java:355)
	at org.openqa.selenium.remote.RemoteWebDriver.findElement(RemoteWebDriver.java:349)
	at org.openqa.selenium.support.pagefactory.DefaultElementLocator.findElement(DefaultElementLocator.java:68)
	at org.openqa.selenium.support.pagefactory.internal.LocatingElementHandler.invoke(LocatingElementHandler.java:38)
	at com.sun.proxy.$Proxy38.sendKeys(Unknown Source)
	at pages.SignInPage.enterMultipleSignIn(SignInPage.java:39)
	at tests.SignInTest.testmultipleLogin(SignInTest.java:31)
	at java.base/java.util.ArrayList.forEach(ArrayList.java:1541)
... Removed 31 stack frames
</div> <!-- stack-trace -->
                </div> <!-- method-content -->
              </div> <!-- method -->
            </div> <!-- main-panel-content rounded-window-bottom -->
          </div> <!-- suite-test1-class-failed -->
          <div class="suite-test1-class-failed">
            <div class="main-panel-header rounded-window-top">
              <img src="failed.png"/>
              <span class="class-name">tests.SignUpTest</span>
            </div> <!-- main-panel-header rounded-window-top -->
            <div class="main-panel-content rounded-window-bottom">
              <div class="method">
                <div class="method-content">
                  <a name="testSignUp">
                  </a> <!-- testSignUp -->
                  <span class="method-name">testSignUp</span>
                  <div class="stack-trace">org.openqa.selenium.NoSuchElementException: no such element: Unable to locate element: {&quot;method&quot;:&quot;xpath&quot;,&quot;selector&quot;:&quot;/html/body/div[1]/div/div/div[2]/form/div[4]/p/a&quot;}
  (Session info: chrome=120.0.6099.71)
For documentation on this error, please visit: https://www.selenium.dev/documentation/webdriver/troubleshooting/errors#no-such-element-exception
Build info: version: &apos;4.11.0&apos;, revision: &apos;040bc5406b&apos;
System info: os.name: &apos;Windows 11&apos;, os.arch: &apos;amd64&apos;, os.version: &apos;10.0&apos;, java.version: &apos;11.0.20.1&apos;
Driver info: org.openqa.selenium.chrome.ChromeDriver
Command: [f6345ef3a37444343710e13bdd03addf, findElement {using=xpath, value=/html/body/div[1]/div/div/div[2]/form/div[4]/p/a}]
Capabilities {acceptInsecureCerts: false, browserName: chrome, browserVersion: 120.0.6099.71, chrome: {chromedriverVersion: 120.0.6099.71 (9729082fe617..., userDataDir: C:\Users\HP\AppData\Local\T...}, fedcm:accounts: true, goog:chromeOptions: {debuggerAddress: localhost:9677}, networkConnectionEnabled: false, pageLoadStrategy: normal, platformName: windows, proxy: Proxy(), se:cdp: ws://localhost:9677/devtool..., se:cdpVersion: 120.0.6099.71, setWindowRect: true, strictFileInteractability: false, timeouts: {implicit: 0, pageLoad: 300000, script: 30000}, unhandledPromptBehavior: dismiss and notify, webauthn:extension:credBlob: true, webauthn:extension:largeBlob: true, webauthn:extension:minPinLength: true, webauthn:extension:prf: true, webauthn:virtualAuthenticators: true}
Session ID: f6345ef3a37444343710e13bdd03addf
	at org.openqa.selenium.remote.codec.w3c.W3CHttpResponseCodec.createException(W3CHttpResponseCodec.java:200)
	at org.openqa.selenium.remote.codec.w3c.W3CHttpResponseCodec.decode(W3CHttpResponseCodec.java:133)
	at org.openqa.selenium.remote.codec.w3c.W3CHttpResponseCodec.decode(W3CHttpResponseCodec.java:52)
	at org.openqa.selenium.remote.HttpCommandExecutor.execute(HttpCommandExecutor.java:191)
	at org.openqa.selenium.remote.service.DriverCommandExecutor.invokeExecute(DriverCommandExecutor.java:196)
	at org.openqa.selenium.remote.service.DriverCommandExecutor.execute(DriverCommandExecutor.java:171)
	at org.openqa.selenium.remote.RemoteWebDriver.execute(RemoteWebDriver.java:518)
	at org.openqa.selenium.remote.ElementLocation$ElementFinder$2.findElement(ElementLocation.java:165)
	at org.openqa.selenium.remote.ElementLocation.findElement(ElementLocation.java:59)
	at org.openqa.selenium.remote.RemoteWebDriver.findElement(RemoteWebDriver.java:355)
	at org.openqa.selenium.remote.RemoteWebDriver.findElement(RemoteWebDriver.java:349)
	at org.openqa.selenium.support.pagefactory.DefaultElementLocator.findElement(DefaultElementLocator.java:68)
	at org.openqa.selenium.support.pagefactory.internal.LocatingElementHandler.invoke(LocatingElementHandler.java:38)
	at com.sun.proxy.$Proxy38.click(Unknown Source)
	at pages.SignUpPage.clickonSignUpHere(SignUpPage.java:87)
	at tests.SignUpTest.testSignUp(SignUpTest.java:32)
	at java.base/java.util.ArrayList.forEach(ArrayList.java:1541)
... Removed 31 stack frames
</div> <!-- stack-trace -->
                </div> <!-- method-content -->
              </div> <!-- method -->
            </div> <!-- main-panel-content rounded-window-bottom -->
          </div> <!-- suite-test1-class-failed -->
          <div class="suite-test1-class-failed">
            <div class="main-panel-header rounded-window-top">
              <img src="failed.png"/>
              <span class="class-name">tests.Deposit_into_Account_Test</span>
            </div> <!-- main-panel-header rounded-window-top -->
            <div class="main-panel-content rounded-window-bottom">
              <div class="method">
                <div class="method-content">
                  <a name="testwithdraw">
                  </a> <!-- testwithdraw -->
                  <span class="method-name">testwithdraw</span>
                  <div class="stack-trace">org.openqa.selenium.NoSuchElementException: no such element: Unable to locate element: {&quot;method&quot;:&quot;xpath&quot;,&quot;selector&quot;:&quot;//a[@id=&apos;deposit-menu-item&apos;]&quot;}
  (Session info: chrome=120.0.6099.71)
For documentation on this error, please visit: https://www.selenium.dev/documentation/webdriver/troubleshooting/errors#no-such-element-exception
Build info: version: &apos;4.11.0&apos;, revision: &apos;040bc5406b&apos;
System info: os.name: &apos;Windows 11&apos;, os.arch: &apos;amd64&apos;, os.version: &apos;10.0&apos;, java.version: &apos;11.0.20.1&apos;
Driver info: org.openqa.selenium.chrome.ChromeDriver
Command: [df4c59a94257727889c7d033c43c5f90, findElement {using=xpath, value=//a[@id=&apos;deposit-menu-item&apos;]}]
Capabilities {acceptInsecureCerts: false, browserName: chrome, browserVersion: 120.0.6099.71, chrome: {chromedriverVersion: 120.0.6099.71 (9729082fe617..., userDataDir: C:\Users\HP\AppData\Local\T...}, fedcm:accounts: true, goog:chromeOptions: {debuggerAddress: localhost:9738}, networkConnectionEnabled: false, pageLoadStrategy: normal, platformName: windows, proxy: Proxy(), se:cdp: ws://localhost:9738/devtool..., se:cdpVersion: 120.0.6099.71, setWindowRect: true, strictFileInteractability: false, timeouts: {implicit: 0, pageLoad: 300000, script: 30000}, unhandledPromptBehavior: dismiss and notify, webauthn:extension:credBlob: true, webauthn:extension:largeBlob: true, webauthn:extension:minPinLength: true, webauthn:extension:prf: true, webauthn:virtualAuthenticators: true}
Session ID: df4c59a94257727889c7d033c43c5f90
	at org.openqa.selenium.remote.codec.w3c.W3CHttpResponseCodec.createException(W3CHttpResponseCodec.java:200)
	at org.openqa.selenium.remote.codec.w3c.W3CHttpResponseCodec.decode(W3CHttpResponseCodec.java:133)
	at org.openqa.selenium.remote.codec.w3c.W3CHttpResponseCodec.decode(W3CHttpResponseCodec.java:52)
	at org.openqa.selenium.remote.HttpCommandExecutor.execute(HttpCommandExecutor.java:191)
	at org.openqa.selenium.remote.service.DriverCommandExecutor.invokeExecute(DriverCommandExecutor.java:196)
	at org.openqa.selenium.remote.service.DriverCommandExecutor.execute(DriverCommandExecutor.java:171)
	at org.openqa.selenium.remote.RemoteWebDriver.execute(RemoteWebDriver.java:518)
	at org.openqa.selenium.remote.ElementLocation$ElementFinder$2.findElement(ElementLocation.java:165)
	at org.openqa.selenium.remote.ElementLocation.findElement(ElementLocation.java:59)
	at org.openqa.selenium.remote.RemoteWebDriver.findElement(RemoteWebDriver.java:355)
	at org.openqa.selenium.remote.RemoteWebDriver.findElement(RemoteWebDriver.java:349)
	at org.openqa.selenium.support.pagefactory.DefaultElementLocator.findElement(DefaultElementLocator.java:68)
	at org.openqa.selenium.support.pagefactory.internal.LocatingElementHandler.invoke(LocatingElementHandler.java:38)
	at com.sun.proxy.$Proxy38.click(Unknown Source)
	at pages.Deposit_into_Account_Page.clickonDeposit(Deposit_into_Account_Page.java:37)
	at tests.Deposit_into_Account_Test.testwithdraw(Deposit_into_Account_Test.java:36)
	at java.base/java.util.ArrayList.forEach(ArrayList.java:1541)
... Removed 31 stack frames
</div> <!-- stack-trace -->
                </div> <!-- method-content -->
              </div> <!-- method -->
            </div> <!-- main-panel-content rounded-window-bottom -->
          </div> <!-- suite-test1-class-failed -->
          <div class="suite-test1-class-failed">
            <div class="main-panel-header rounded-window-top">
              <img src="failed.png"/>
              <span class="class-name">tests.Direct_Payment_to_Visa_Test</span>
            </div> <!-- main-panel-header rounded-window-top -->
            <div class="main-panel-content rounded-window-bottom">
              <div class="method">
                <div class="method-content">
                  <a name="testVisaPayment">
                  </a> <!-- testVisaPayment -->
                  <span class="method-name">testVisaPayment</span>
                  <div class="stack-trace">java.lang.AssertionError: The following asserts failed:
	Assert failed- Reading data without selecting Account expected [http://dbankdemo.com/bank/external/xfer-visa] but found [http://dbankdemo.com/bank/external/xfer-visa-process],
	Assert failed - Accepting 0 amount expected [http://dbankdemo.com/bank/external/xfer-visa] but found [http://dbankdemo.com/bank/external/xfer-visa-process],
	Assert failed - Accepting 0.001 Amount expected [http://dbankdemo.com/bank/external/xfer-visa] but found [http://dbankdemo.com/bank/external/xfer-visa-process],
	Service Unavailable,
	Assert failed- Reading data without selecting Account expected [http://dbankdemo.com/bank/external/xfer-visa] but found [http://dbankdemo.com/bank/external/xfer-visa-process],
	Assert failed - Accepting 0 amount expected [http://dbankdemo.com/bank/external/xfer-visa] but found [http://dbankdemo.com/bank/external/xfer-visa-process],
	Assert failed - Accepting 0.001 Amount expected [http://dbankdemo.com/bank/external/xfer-visa] but found [http://dbankdemo.com/bank/external/xfer-visa-process],
	Service Unavailable
	at tests.Direct_Payment_to_Visa_Test.testVisaPayment(Direct_Payment_to_Visa_Test.java:62)
	at java.base/java.util.ArrayList.forEach(ArrayList.java:1541)
... Removed 29 stack frames
</div> <!-- stack-trace -->
                </div> <!-- method-content -->
              </div> <!-- method -->
            </div> <!-- main-panel-content rounded-window-bottom -->
          </div> <!-- suite-test1-class-failed -->
          <div class="suite-test1-class-skipped">
            <div class="main-panel-header rounded-window-top">
              <img src="skipped.png"/>
              <span class="class-name">tests.SignInTest</span>
            </div> <!-- main-panel-header rounded-window-top -->
            <div class="main-panel-content rounded-window-bottom">
              <div class="method">
                <div class="method-content">
                  <a name="testmultipleLogin(pruthvishreesk58@gmail.com, Veena@123)">
                  </a> <!-- testmultipleLogin(pruthvishreesk58@gmail.com, Veena@123) -->
                  <span class="method-name">testmultipleLogin</span>
                  <span class="parameters">(pruthvishreesk58@gmail.com,Veena@123)</span>
                  <div class="stack-trace">org.openqa.selenium.NoSuchElementException: no such element: Unable to locate element: {&quot;method&quot;:&quot;xpath&quot;,&quot;selector&quot;:&quot;//input[@id=&apos;username&apos;]&quot;}
  (Session info: chrome=120.0.6099.71)
For documentation on this error, please visit: https://www.selenium.dev/documentation/webdriver/troubleshooting/errors#no-such-element-exception
Build info: version: &apos;4.11.0&apos;, revision: &apos;040bc5406b&apos;
System info: os.name: &apos;Windows 11&apos;, os.arch: &apos;amd64&apos;, os.version: &apos;10.0&apos;, java.version: &apos;11.0.20.1&apos;
Driver info: org.openqa.selenium.chrome.ChromeDriver
Command: [64b993b5c4f6e23d0ec3420d7221ebfb, findElement {using=xpath, value=//input[@id=&apos;username&apos;]}]
Capabilities {acceptInsecureCerts: false, browserName: chrome, browserVersion: 120.0.6099.71, chrome: {chromedriverVersion: 120.0.6099.71 (9729082fe617..., userDataDir: C:\Users\HP\AppData\Local\T...}, fedcm:accounts: true, goog:chromeOptions: {debuggerAddress: localhost:9718}, networkConnectionEnabled: false, pageLoadStrategy: normal, platformName: windows, proxy: Proxy(), se:cdp: ws://localhost:9718/devtool..., se:cdpVersion: 120.0.6099.71, setWindowRect: true, strictFileInteractability: false, timeouts: {implicit: 0, pageLoad: 300000, script: 30000}, unhandledPromptBehavior: dismiss and notify, webauthn:extension:credBlob: true, webauthn:extension:largeBlob: true, webauthn:extension:minPinLength: true, webauthn:extension:prf: true, webauthn:virtualAuthenticators: true}
Session ID: 64b993b5c4f6e23d0ec3420d7221ebfb
	at org.openqa.selenium.remote.codec.w3c.W3CHttpResponseCodec.createException(W3CHttpResponseCodec.java:200)
	at org.openqa.selenium.remote.codec.w3c.W3CHttpResponseCodec.decode(W3CHttpResponseCodec.java:133)
	at org.openqa.selenium.remote.codec.w3c.W3CHttpResponseCodec.decode(W3CHttpResponseCodec.java:52)
	at org.openqa.selenium.remote.HttpCommandExecutor.execute(HttpCommandExecutor.java:191)
	at org.openqa.selenium.remote.service.DriverCommandExecutor.invokeExecute(DriverCommandExecutor.java:196)
	at org.openqa.selenium.remote.service.DriverCommandExecutor.execute(DriverCommandExecutor.java:171)
	at org.openqa.selenium.remote.RemoteWebDriver.execute(RemoteWebDriver.java:518)
	at org.openqa.selenium.remote.ElementLocation$ElementFinder$2.findElement(ElementLocation.java:165)
	at org.openqa.selenium.remote.ElementLocation.findElement(ElementLocation.java:59)
	at org.openqa.selenium.remote.RemoteWebDriver.findElement(RemoteWebDriver.java:355)
	at org.openqa.selenium.remote.RemoteWebDriver.findElement(RemoteWebDriver.java:349)
	at org.openqa.selenium.support.pagefactory.DefaultElementLocator.findElement(DefaultElementLocator.java:68)
	at org.openqa.selenium.support.pagefactory.internal.LocatingElementHandler.invoke(LocatingElementHandler.java:38)
	at com.sun.proxy.$Proxy38.sendKeys(Unknown Source)
	at pages.SignInPage.enterMultipleSignIn(SignInPage.java:39)
	at tests.SignInTest.testmultipleLogin(SignInTest.java:31)
	at java.base/java.util.ArrayList.forEach(ArrayList.java:1541)
... Removed 31 stack frames
</div> <!-- stack-trace -->
                </div> <!-- method-content -->
              </div> <!-- method -->
              <div class="method">
                <div class="method-content">
                  <a name="testmultipleLogin(pruthvishree.k@mphasis.com, Admin@123)">
                  </a> <!-- testmultipleLogin(pruthvishree.k@mphasis.com, Admin@123) -->
                  <span class="method-name">testmultipleLogin</span>
                  <span class="parameters">(pruthvishree.k@mphasis.com,Admin@123)</span>
                  <div class="stack-trace">org.openqa.selenium.NoSuchElementException: no such element: Unable to locate element: {&quot;method&quot;:&quot;xpath&quot;,&quot;selector&quot;:&quot;//input[@id=&apos;username&apos;]&quot;}
  (Session info: chrome=120.0.6099.71)
For documentation on this error, please visit: https://www.selenium.dev/documentation/webdriver/troubleshooting/errors#no-such-element-exception
Build info: version: &apos;4.11.0&apos;, revision: &apos;040bc5406b&apos;
System info: os.name: &apos;Windows 11&apos;, os.arch: &apos;amd64&apos;, os.version: &apos;10.0&apos;, java.version: &apos;11.0.20.1&apos;
Driver info: org.openqa.selenium.chrome.ChromeDriver
Command: [64b993b5c4f6e23d0ec3420d7221ebfb, findElement {using=xpath, value=//input[@id=&apos;username&apos;]}]
Capabilities {acceptInsecureCerts: false, browserName: chrome, browserVersion: 120.0.6099.71, chrome: {chromedriverVersion: 120.0.6099.71 (9729082fe617..., userDataDir: C:\Users\HP\AppData\Local\T...}, fedcm:accounts: true, goog:chromeOptions: {debuggerAddress: localhost:9718}, networkConnectionEnabled: false, pageLoadStrategy: normal, platformName: windows, proxy: Proxy(), se:cdp: ws://localhost:9718/devtool..., se:cdpVersion: 120.0.6099.71, setWindowRect: true, strictFileInteractability: false, timeouts: {implicit: 0, pageLoad: 300000, script: 30000}, unhandledPromptBehavior: dismiss and notify, webauthn:extension:credBlob: true, webauthn:extension:largeBlob: true, webauthn:extension:minPinLength: true, webauthn:extension:prf: true, webauthn:virtualAuthenticators: true}
Session ID: 64b993b5c4f6e23d0ec3420d7221ebfb
	at org.openqa.selenium.remote.codec.w3c.W3CHttpResponseCodec.createException(W3CHttpResponseCodec.java:200)
	at org.openqa.selenium.remote.codec.w3c.W3CHttpResponseCodec.decode(W3CHttpResponseCodec.java:133)
	at org.openqa.selenium.remote.codec.w3c.W3CHttpResponseCodec.decode(W3CHttpResponseCodec.java:52)
	at org.openqa.selenium.remote.HttpCommandExecutor.execute(HttpCommandExecutor.java:191)
	at org.openqa.selenium.remote.service.DriverCommandExecutor.invokeExecute(DriverCommandExecutor.java:196)
	at org.openqa.selenium.remote.service.DriverCommandExecutor.execute(DriverCommandExecutor.java:171)
	at org.openqa.selenium.remote.RemoteWebDriver.execute(RemoteWebDriver.java:518)
	at org.openqa.selenium.remote.ElementLocation$ElementFinder$2.findElement(ElementLocation.java:165)
	at org.openqa.selenium.remote.ElementLocation.findElement(ElementLocation.java:59)
	at org.openqa.selenium.remote.RemoteWebDriver.findElement(RemoteWebDriver.java:355)
	at org.openqa.selenium.remote.RemoteWebDriver.findElement(RemoteWebDriver.java:349)
	at org.openqa.selenium.support.pagefactory.DefaultElementLocator.findElement(DefaultElementLocator.java:68)
	at org.openqa.selenium.support.pagefactory.internal.LocatingElementHandler.invoke(LocatingElementHandler.java:38)
	at com.sun.proxy.$Proxy38.sendKeys(Unknown Source)
	at pages.SignInPage.enterMultipleSignIn(SignInPage.java:39)
	at tests.SignInTest.testmultipleLogin(SignInTest.java:31)
	at java.base/java.util.ArrayList.forEach(ArrayList.java:1541)
... Removed 31 stack frames
</div> <!-- stack-trace -->
                </div> <!-- method-content -->
              </div> <!-- method -->
              <div class="method">
                <div class="method-content">
                  <a name="testmultipleLogin(sanjanapmm263@gmail.com, Veena@123)">
                  </a> <!-- testmultipleLogin(sanjanapmm263@gmail.com, Veena@123) -->
                  <span class="method-name">testmultipleLogin</span>
                  <span class="parameters">(sanjanapmm263@gmail.com,Veena@123)</span>
                  <div class="stack-trace">org.openqa.selenium.NoSuchElementException: no such element: Unable to locate element: {&quot;method&quot;:&quot;xpath&quot;,&quot;selector&quot;:&quot;//input[@id=&apos;username&apos;]&quot;}
  (Session info: chrome=120.0.6099.71)
For documentation on this error, please visit: https://www.selenium.dev/documentation/webdriver/troubleshooting/errors#no-such-element-exception
Build info: version: &apos;4.11.0&apos;, revision: &apos;040bc5406b&apos;
System info: os.name: &apos;Windows 11&apos;, os.arch: &apos;amd64&apos;, os.version: &apos;10.0&apos;, java.version: &apos;11.0.20.1&apos;
Driver info: org.openqa.selenium.chrome.ChromeDriver
Command: [64b993b5c4f6e23d0ec3420d7221ebfb, findElement {using=xpath, value=//input[@id=&apos;username&apos;]}]
Capabilities {acceptInsecureCerts: false, browserName: chrome, browserVersion: 120.0.6099.71, chrome: {chromedriverVersion: 120.0.6099.71 (9729082fe617..., userDataDir: C:\Users\HP\AppData\Local\T...}, fedcm:accounts: true, goog:chromeOptions: {debuggerAddress: localhost:9718}, networkConnectionEnabled: false, pageLoadStrategy: normal, platformName: windows, proxy: Proxy(), se:cdp: ws://localhost:9718/devtool..., se:cdpVersion: 120.0.6099.71, setWindowRect: true, strictFileInteractability: false, timeouts: {implicit: 0, pageLoad: 300000, script: 30000}, unhandledPromptBehavior: dismiss and notify, webauthn:extension:credBlob: true, webauthn:extension:largeBlob: true, webauthn:extension:minPinLength: true, webauthn:extension:prf: true, webauthn:virtualAuthenticators: true}
Session ID: 64b993b5c4f6e23d0ec3420d7221ebfb
	at org.openqa.selenium.remote.codec.w3c.W3CHttpResponseCodec.createException(W3CHttpResponseCodec.java:200)
	at org.openqa.selenium.remote.codec.w3c.W3CHttpResponseCodec.decode(W3CHttpResponseCodec.java:133)
	at org.openqa.selenium.remote.codec.w3c.W3CHttpResponseCodec.decode(W3CHttpResponseCodec.java:52)
	at org.openqa.selenium.remote.HttpCommandExecutor.execute(HttpCommandExecutor.java:191)
	at org.openqa.selenium.remote.service.DriverCommandExecutor.invokeExecute(DriverCommandExecutor.java:196)
	at org.openqa.selenium.remote.service.DriverCommandExecutor.execute(DriverCommandExecutor.java:171)
	at org.openqa.selenium.remote.RemoteWebDriver.execute(RemoteWebDriver.java:518)
	at org.openqa.selenium.remote.ElementLocation$ElementFinder$2.findElement(ElementLocation.java:165)
	at org.openqa.selenium.remote.ElementLocation.findElement(ElementLocation.java:59)
	at org.openqa.selenium.remote.RemoteWebDriver.findElement(RemoteWebDriver.java:355)
	at org.openqa.selenium.remote.RemoteWebDriver.findElement(RemoteWebDriver.java:349)
	at org.openqa.selenium.support.pagefactory.DefaultElementLocator.findElement(DefaultElementLocator.java:68)
	at org.openqa.selenium.support.pagefactory.internal.LocatingElementHandler.invoke(LocatingElementHandler.java:38)
	at com.sun.proxy.$Proxy38.sendKeys(Unknown Source)
	at pages.SignInPage.enterMultipleSignIn(SignInPage.java:39)
	at tests.SignInTest.testmultipleLogin(SignInTest.java:31)
	at java.base/java.util.ArrayList.forEach(ArrayList.java:1541)
... Removed 31 stack frames
</div> <!-- stack-trace -->
                </div> <!-- method-content -->
              </div> <!-- method -->
            </div> <!-- main-panel-content rounded-window-bottom -->
          </div> <!-- suite-test1-class-skipped -->
          <div class="suite-test1-class-skipped">
            <div class="main-panel-header rounded-window-top">
              <img src="skipped.png"/>
              <span class="class-name">tests.SignUpTest</span>
            </div> <!-- main-panel-header rounded-window-top -->
            <div class="main-panel-content rounded-window-bottom">
              <div class="method">
                <div class="method-content">
                  <a name="testSignUp">
                  </a> <!-- testSignUp -->
                  <span class="method-name">testSignUp</span>
                  <div class="stack-trace">org.openqa.selenium.NoSuchElementException: no such element: Unable to locate element: {&quot;method&quot;:&quot;xpath&quot;,&quot;selector&quot;:&quot;//button[text()=&apos;Register&apos;]&quot;}
  (Session info: chrome=120.0.6099.71)
For documentation on this error, please visit: https://www.selenium.dev/documentation/webdriver/troubleshooting/errors#no-such-element-exception
Build info: version: &apos;4.11.0&apos;, revision: &apos;040bc5406b&apos;
System info: os.name: &apos;Windows 11&apos;, os.arch: &apos;amd64&apos;, os.version: &apos;10.0&apos;, java.version: &apos;11.0.20.1&apos;
Driver info: org.openqa.selenium.chrome.ChromeDriver
Command: [f6345ef3a37444343710e13bdd03addf, findElement {using=xpath, value=//button[text()=&apos;Register&apos;]}]
Capabilities {acceptInsecureCerts: false, browserName: chrome, browserVersion: 120.0.6099.71, chrome: {chromedriverVersion: 120.0.6099.71 (9729082fe617..., userDataDir: C:\Users\HP\AppData\Local\T...}, fedcm:accounts: true, goog:chromeOptions: {debuggerAddress: localhost:9677}, networkConnectionEnabled: false, pageLoadStrategy: normal, platformName: windows, proxy: Proxy(), se:cdp: ws://localhost:9677/devtool..., se:cdpVersion: 120.0.6099.71, setWindowRect: true, strictFileInteractability: false, timeouts: {implicit: 0, pageLoad: 300000, script: 30000}, unhandledPromptBehavior: dismiss and notify, webauthn:extension:credBlob: true, webauthn:extension:largeBlob: true, webauthn:extension:minPinLength: true, webauthn:extension:prf: true, webauthn:virtualAuthenticators: true}
Session ID: f6345ef3a37444343710e13bdd03addf
	at org.openqa.selenium.remote.codec.w3c.W3CHttpResponseCodec.createException(W3CHttpResponseCodec.java:200)
	at org.openqa.selenium.remote.codec.w3c.W3CHttpResponseCodec.decode(W3CHttpResponseCodec.java:133)
	at org.openqa.selenium.remote.codec.w3c.W3CHttpResponseCodec.decode(W3CHttpResponseCodec.java:52)
	at org.openqa.selenium.remote.HttpCommandExecutor.execute(HttpCommandExecutor.java:191)
	at org.openqa.selenium.remote.service.DriverCommandExecutor.invokeExecute(DriverCommandExecutor.java:196)
	at org.openqa.selenium.remote.service.DriverCommandExecutor.execute(DriverCommandExecutor.java:171)
	at org.openqa.selenium.remote.RemoteWebDriver.execute(RemoteWebDriver.java:518)
	at org.openqa.selenium.remote.ElementLocation$ElementFinder$2.findElement(ElementLocation.java:165)
	at org.openqa.selenium.remote.ElementLocation.findElement(ElementLocation.java:59)
	at org.openqa.selenium.remote.RemoteWebDriver.findElement(RemoteWebDriver.java:355)
	at org.openqa.selenium.remote.RemoteWebDriver.findElement(RemoteWebDriver.java:349)
	at org.openqa.selenium.support.pagefactory.DefaultElementLocator.findElement(DefaultElementLocator.java:68)
	at org.openqa.selenium.support.pagefactory.internal.LocatingElementHandler.invoke(LocatingElementHandler.java:38)
	at com.sun.proxy.$Proxy38.click(Unknown Source)
	at pages.SignUpPage.clickonRegisterBtn(SignUpPage.java:154)
	at tests.SignUpTest.testSignUp(SignUpTest.java:52)
	at java.base/java.util.ArrayList.forEach(ArrayList.java:1541)
... Removed 31 stack frames
</div> <!-- stack-trace -->
                </div> <!-- method-content -->
              </div> <!-- method -->
            </div> <!-- main-panel-content rounded-window-bottom -->
          </div> <!-- suite-test1-class-skipped -->
          <div class="suite-test1-class-skipped">
            <div class="main-panel-header rounded-window-top">
              <img src="skipped.png"/>
              <span class="class-name">tests.Deposit_into_Account_Test</span>
            </div> <!-- main-panel-header rounded-window-top -->
            <div class="main-panel-content rounded-window-bottom">
              <div class="method">
                <div class="method-content">
                  <a name="testwithdraw">
                  </a> <!-- testwithdraw -->
                  <span class="method-name">testwithdraw</span>
                  <div class="stack-trace">org.openqa.selenium.NoSuchElementException: no such element: Unable to locate element: {&quot;method&quot;:&quot;xpath&quot;,&quot;selector&quot;:&quot;//select[@id=&apos;selectedAccount&apos;]&quot;}
  (Session info: chrome=120.0.6099.71)
For documentation on this error, please visit: https://www.selenium.dev/documentation/webdriver/troubleshooting/errors#no-such-element-exception
Build info: version: &apos;4.11.0&apos;, revision: &apos;040bc5406b&apos;
System info: os.name: &apos;Windows 11&apos;, os.arch: &apos;amd64&apos;, os.version: &apos;10.0&apos;, java.version: &apos;11.0.20.1&apos;
Driver info: org.openqa.selenium.chrome.ChromeDriver
Command: [df4c59a94257727889c7d033c43c5f90, findElement {using=xpath, value=//select[@id=&apos;selectedAccount&apos;]}]
Capabilities {acceptInsecureCerts: false, browserName: chrome, browserVersion: 120.0.6099.71, chrome: {chromedriverVersion: 120.0.6099.71 (9729082fe617..., userDataDir: C:\Users\HP\AppData\Local\T...}, fedcm:accounts: true, goog:chromeOptions: {debuggerAddress: localhost:9738}, networkConnectionEnabled: false, pageLoadStrategy: normal, platformName: windows, proxy: Proxy(), se:cdp: ws://localhost:9738/devtool..., se:cdpVersion: 120.0.6099.71, setWindowRect: true, strictFileInteractability: false, timeouts: {implicit: 0, pageLoad: 300000, script: 30000}, unhandledPromptBehavior: dismiss and notify, webauthn:extension:credBlob: true, webauthn:extension:largeBlob: true, webauthn:extension:minPinLength: true, webauthn:extension:prf: true, webauthn:virtualAuthenticators: true}
Session ID: df4c59a94257727889c7d033c43c5f90
	at org.openqa.selenium.remote.codec.w3c.W3CHttpResponseCodec.createException(W3CHttpResponseCodec.java:200)
	at org.openqa.selenium.remote.codec.w3c.W3CHttpResponseCodec.decode(W3CHttpResponseCodec.java:133)
	at org.openqa.selenium.remote.codec.w3c.W3CHttpResponseCodec.decode(W3CHttpResponseCodec.java:52)
	at org.openqa.selenium.remote.HttpCommandExecutor.execute(HttpCommandExecutor.java:191)
	at org.openqa.selenium.remote.service.DriverCommandExecutor.invokeExecute(DriverCommandExecutor.java:196)
	at org.openqa.selenium.remote.service.DriverCommandExecutor.execute(DriverCommandExecutor.java:171)
	at org.openqa.selenium.remote.RemoteWebDriver.execute(RemoteWebDriver.java:518)
	at org.openqa.selenium.remote.ElementLocation$ElementFinder$2.findElement(ElementLocation.java:165)
	at org.openqa.selenium.remote.ElementLocation.findElement(ElementLocation.java:59)
	at org.openqa.selenium.remote.RemoteWebDriver.findElement(RemoteWebDriver.java:355)
	at org.openqa.selenium.remote.RemoteWebDriver.findElement(RemoteWebDriver.java:349)
	at org.openqa.selenium.support.pagefactory.DefaultElementLocator.findElement(DefaultElementLocator.java:68)
	at org.openqa.selenium.support.pagefactory.internal.LocatingElementHandler.invoke(LocatingElementHandler.java:38)
	at com.sun.proxy.$Proxy38.getTagName(Unknown Source)
	at org.openqa.selenium.support.ui.Select.&lt;init&gt;(Select.java:43)
	at pages.Deposit_into_Account_Page.enterDepositDetails(Deposit_into_Account_Page.java:42)
	at tests.Deposit_into_Account_Test.testwithdraw(Deposit_into_Account_Test.java:38)
	at java.base/java.util.ArrayList.forEach(ArrayList.java:1541)
... Removed 31 stack frames
</div> <!-- stack-trace -->
                </div> <!-- method-content -->
              </div> <!-- method -->
            </div> <!-- main-panel-content rounded-window-bottom -->
          </div> <!-- suite-test1-class-skipped -->
          <div class="suite-test1-class-skipped">
            <div class="main-panel-header rounded-window-top">
              <img src="skipped.png"/>
              <span class="class-name">tests.Transfer_between_Accounts_Test</span>
            </div> <!-- main-panel-header rounded-window-top -->
            <div class="main-panel-content rounded-window-bottom">
              <div class="method">
                <div class="method-content">
                  <a name="testTransfer">
                  </a> <!-- testTransfer -->
                  <span class="method-name">testTransfer</span>
                  <div class="stack-trace">org.openqa.selenium.NoSuchElementException: no such element: Unable to locate element: {&quot;method&quot;:&quot;xpath&quot;,&quot;selector&quot;:&quot;//input[@id=&apos;username&apos;]&quot;}
  (Session info: chrome=120.0.6099.71)
For documentation on this error, please visit: https://www.selenium.dev/documentation/webdriver/troubleshooting/errors#no-such-element-exception
Build info: version: &apos;4.11.0&apos;, revision: &apos;040bc5406b&apos;
System info: os.name: &apos;Windows 11&apos;, os.arch: &apos;amd64&apos;, os.version: &apos;10.0&apos;, java.version: &apos;11.0.20.1&apos;
Driver info: org.openqa.selenium.chrome.ChromeDriver
Command: [b0f529957d529823534eb6479c5984e6, findElement {using=xpath, value=//input[@id=&apos;username&apos;]}]
Capabilities {acceptInsecureCerts: false, browserName: chrome, browserVersion: 120.0.6099.71, chrome: {chromedriverVersion: 120.0.6099.71 (9729082fe617..., userDataDir: C:\Users\HP\AppData\Local\T...}, fedcm:accounts: true, goog:chromeOptions: {debuggerAddress: localhost:9811}, networkConnectionEnabled: false, pageLoadStrategy: normal, platformName: windows, proxy: Proxy(), se:cdp: ws://localhost:9811/devtool..., se:cdpVersion: 120.0.6099.71, setWindowRect: true, strictFileInteractability: false, timeouts: {implicit: 0, pageLoad: 300000, script: 30000}, unhandledPromptBehavior: dismiss and notify, webauthn:extension:credBlob: true, webauthn:extension:largeBlob: true, webauthn:extension:minPinLength: true, webauthn:extension:prf: true, webauthn:virtualAuthenticators: true}
Session ID: b0f529957d529823534eb6479c5984e6
	at org.openqa.selenium.remote.codec.w3c.W3CHttpResponseCodec.createException(W3CHttpResponseCodec.java:200)
	at org.openqa.selenium.remote.codec.w3c.W3CHttpResponseCodec.decode(W3CHttpResponseCodec.java:133)
	at org.openqa.selenium.remote.codec.w3c.W3CHttpResponseCodec.decode(W3CHttpResponseCodec.java:52)
	at org.openqa.selenium.remote.HttpCommandExecutor.execute(HttpCommandExecutor.java:191)
	at org.openqa.selenium.remote.service.DriverCommandExecutor.invokeExecute(DriverCommandExecutor.java:196)
	at org.openqa.selenium.remote.service.DriverCommandExecutor.execute(DriverCommandExecutor.java:171)
	at org.openqa.selenium.remote.RemoteWebDriver.execute(RemoteWebDriver.java:518)
	at org.openqa.selenium.remote.ElementLocation$ElementFinder$2.findElement(ElementLocation.java:165)
	at org.openqa.selenium.remote.ElementLocation.findElement(ElementLocation.java:59)
	at org.openqa.selenium.remote.RemoteWebDriver.findElement(RemoteWebDriver.java:355)
	at org.openqa.selenium.remote.RemoteWebDriver.findElement(RemoteWebDriver.java:349)
	at org.openqa.selenium.support.pagefactory.DefaultElementLocator.findElement(DefaultElementLocator.java:68)
	at org.openqa.selenium.support.pagefactory.internal.LocatingElementHandler.invoke(LocatingElementHandler.java:38)
	at com.sun.proxy.$Proxy38.sendKeys(Unknown Source)
	at pages.SignInPage.enterSignInDetails(SignInPage.java:32)
	at tests.Transfer_between_Accounts_Test.setup(Transfer_between_Accounts_Test.java:28)
	at java.base/java.util.ArrayList.forEach(ArrayList.java:1541)
... Removed 35 stack frames
</div> <!-- stack-trace -->
                </div> <!-- method-content -->
              </div> <!-- method -->
            </div> <!-- main-panel-content rounded-window-bottom -->
          </div> <!-- suite-test1-class-skipped -->
          <div class="suite-test1-class-skipped">
            <div class="main-panel-header rounded-window-top">
              <img src="skipped.png"/>
              <span class="class-name">tests.Direct_Payment_to_Visa_Test</span>
            </div> <!-- main-panel-header rounded-window-top -->
            <div class="main-panel-content rounded-window-bottom">
              <div class="method">
                <div class="method-content">
                  <a name="testVisaPayment">
                  </a> <!-- testVisaPayment -->
                  <span class="method-name">testVisaPayment</span>
                  <div class="stack-trace">java.lang.AssertionError: The following asserts failed:
	Assert failed- Reading data without selecting Account expected [http://dbankdemo.com/bank/external/xfer-visa] but found [http://dbankdemo.com/bank/external/xfer-visa-process],
	Assert failed - Accepting 0 amount expected [http://dbankdemo.com/bank/external/xfer-visa] but found [http://dbankdemo.com/bank/external/xfer-visa-process],
	Assert failed - Accepting 0.001 Amount expected [http://dbankdemo.com/bank/external/xfer-visa] but found [http://dbankdemo.com/bank/external/xfer-visa-process],
	Service Unavailable
	at tests.Direct_Payment_to_Visa_Test.testVisaPayment(Direct_Payment_to_Visa_Test.java:62)
	at java.base/java.util.ArrayList.forEach(ArrayList.java:1541)
... Removed 29 stack frames
</div> <!-- stack-trace -->
                </div> <!-- method-content -->
              </div> <!-- method -->
            </div> <!-- main-panel-content rounded-window-bottom -->
          </div> <!-- suite-test1-class-skipped -->
          <div class="suite-test1-class-passed">
            <div class="main-panel-header rounded-window-top">
              <img src="passed.png"/>
              <span class="class-name">tests.Search_TRN_View_Checking_Test</span>
            </div> <!-- main-panel-header rounded-window-top -->
            <div class="main-panel-content rounded-window-bottom">
              <div class="method">
                <div class="method-content">
                  <a name="testSearchTRN">
                  </a> <!-- testSearchTRN -->
                  <span class="method-name">testSearchTRN</span>
                </div> <!-- method-content -->
              </div> <!-- method -->
            </div> <!-- main-panel-content rounded-window-bottom -->
          </div> <!-- suite-test1-class-passed -->
          <div class="suite-test1-class-passed">
            <div class="main-panel-header rounded-window-top">
              <img src="passed.png"/>
              <span class="class-name">tests.Withdraw_from_Account_Test</span>
            </div> <!-- main-panel-header rounded-window-top -->
            <div class="main-panel-content rounded-window-bottom">
              <div class="method">
                <div class="method-content">
                  <a name="testwithdraw">
                  </a> <!-- testwithdraw -->
                  <span class="method-name">testwithdraw</span>
                </div> <!-- method-content -->
              </div> <!-- method -->
            </div> <!-- main-panel-content rounded-window-bottom -->
          </div> <!-- suite-test1-class-passed -->
          <div class="suite-test1-class-passed">
            <div class="main-panel-header rounded-window-top">
              <img src="passed.png"/>
              <span class="class-name">tests.Search_TRN_View_Saving_Test</span>
            </div> <!-- main-panel-header rounded-window-top -->
            <div class="main-panel-content rounded-window-bottom">
              <div class="method">
                <div class="method-content">
                  <a name="testSearchTRN">
                  </a> <!-- testSearchTRN -->
                  <span class="method-name">testSearchTRN</span>
                </div> <!-- method-content -->
              </div> <!-- method -->
            </div> <!-- main-panel-content rounded-window-bottom -->
          </div> <!-- suite-test1-class-passed -->
        </div> <!-- panel test1 -->
        <div panel-name="test-xml-test1" class="panel">
          <div class="main-panel-header rounded-window-top">
            <span class="header-content">C:\Users\HP\eclipse-workspace\RLL_dbankdemo\src\test\java\runner\Testngrunner.xml</span>
          </div> <!-- main-panel-header rounded-window-top -->
          <div class="main-panel-content rounded-window-bottom">
            <pre>
&lt;?xml version=&quot;1.0&quot; encoding=&quot;UTF-8&quot;?&gt;
&lt;!DOCTYPE suite SYSTEM &quot;https://testng.org/testng-1.0.dtd&quot;&gt;
&lt;suite name=&quot;test1&quot;&gt;
  &lt;listeners&gt;
    &lt;listener class-name=&quot;utilities.ITestListenerClass&quot;/&gt;
    &lt;listener class-name=&quot;utilities.TestRetryAnalyzerListener&quot;/&gt;
  &lt;/listeners&gt;
  &lt;test thread-count=&quot;5&quot; name=&quot;POMframework&quot;&gt;
    &lt;classes&gt;
      &lt;class name=&quot;tests.SignUpTest&quot;/&gt;
      &lt;class name=&quot;tests.SignInTest&quot;/&gt;
      &lt;class name=&quot;tests.Deposit_into_Account_Test&quot;/&gt;
      &lt;class name=&quot;tests.Withdraw_from_Account_Test&quot;/&gt;
      &lt;class name=&quot;tests.Transfer_between_Accounts_Test&quot;/&gt;
      &lt;class name=&quot;tests.Direct_Payment_to_Visa_Test&quot;/&gt;
      &lt;class name=&quot;tests.Search_TRN_View_Checking_Test&quot;/&gt;
      &lt;class name=&quot;tests.Search_TRN_View_Saving_Test&quot;/&gt;
    &lt;/classes&gt;
  &lt;/test&gt; &lt;!-- POMframework --&gt;
&lt;/suite&gt; &lt;!-- test1 --&gt;
            </pre>
          </div> <!-- main-panel-content rounded-window-bottom -->
        </div> <!-- panel -->
        <div panel-name="testlist-test1" class="panel">
          <div class="main-panel-header rounded-window-top">
            <span class="header-content">Tests for test1</span>
          </div> <!-- main-panel-header rounded-window-top -->
          <div class="main-panel-content rounded-window-bottom">
            <ul>
              <li>
                <span class="test-name">POMframework (8 classes)</span>
              </li>
            </ul>
          </div> <!-- main-panel-content rounded-window-bottom -->
        </div> <!-- panel -->
        <div panel-name="group-test1" class="panel">
          <div class="main-panel-header rounded-window-top">
            <span class="header-content">Groups for test1</span>
          </div> <!-- main-panel-header rounded-window-top -->
          <div class="main-panel-content rounded-window-bottom">
          </div> <!-- main-panel-content rounded-window-bottom -->
        </div> <!-- panel -->
        <div panel-name="times-test1" class="panel">
          <div class="main-panel-header rounded-window-top">
            <span class="header-content">Times for test1</span>
          </div> <!-- main-panel-header rounded-window-top -->
          <div class="main-panel-content rounded-window-bottom">
            <div class="times-div">
              <script type="text/javascript">
suiteTableInitFunctions.push('tableData_test1');
function tableData_test1() {
var data = new google.visualization.DataTable();
data.addColumn('number', 'Number');
data.addColumn('string', 'Method');
data.addColumn('string', 'Class');
data.addColumn('number', 'Time (ms)');
data.addRows(16);
data.setCell(0, 0, 0)
data.setCell(0, 1, 'testVisaPayment')
data.setCell(0, 2, 'tests.Direct_Payment_to_Visa_Test')
data.setCell(0, 3, 66083);
data.setCell(1, 0, 1)
data.setCell(1, 1, 'testVisaPayment')
data.setCell(1, 2, 'tests.Direct_Payment_to_Visa_Test')
data.setCell(1, 3, 31168);
data.setCell(2, 0, 2)
data.setCell(2, 1, 'testwithdraw')
data.setCell(2, 2, 'tests.Withdraw_from_Account_Test')
data.setCell(2, 3, 30184);
data.setCell(3, 0, 3)
data.setCell(3, 1, 'testSignUp')
data.setCell(3, 2, 'tests.SignUpTest')
data.setCell(3, 3, 15285);
data.setCell(4, 0, 4)
data.setCell(4, 1, 'testSearchTRN')
data.setCell(4, 2, 'tests.Search_TRN_View_Checking_Test')
data.setCell(4, 3, 5784);
data.setCell(5, 0, 5)
data.setCell(5, 1, 'testSearchTRN')
data.setCell(5, 2, 'tests.Search_TRN_View_Saving_Test')
data.setCell(5, 3, 4984);
data.setCell(6, 0, 6)
data.setCell(6, 1, 'testwithdraw')
data.setCell(6, 2, 'tests.Deposit_into_Account_Test')
data.setCell(6, 3, 3136);
data.setCell(7, 0, 7)
data.setCell(7, 1, 'testSignUp')
data.setCell(7, 2, 'tests.SignUpTest')
data.setCell(7, 3, 17);
data.setCell(8, 0, 8)
data.setCell(8, 1, 'testmultipleLogin')
data.setCell(8, 2, 'tests.SignInTest')
data.setCell(8, 3, 16);
data.setCell(9, 0, 9)
data.setCell(9, 1, 'testmultipleLogin')
data.setCell(9, 2, 'tests.SignInTest')
data.setCell(9, 3, 16);
data.setCell(10, 0, 10)
data.setCell(10, 1, 'testmultipleLogin')
data.setCell(10, 2, 'tests.SignInTest')
data.setCell(10, 3, 16);
data.setCell(11, 0, 11)
data.setCell(11, 1, 'testmultipleLogin')
data.setCell(11, 2, 'tests.SignInTest')
data.setCell(11, 3, 15);
data.setCell(12, 0, 12)
data.setCell(12, 1, 'testmultipleLogin')
data.setCell(12, 2, 'tests.SignInTest')
data.setCell(12, 3, 15);
data.setCell(13, 0, 13)
data.setCell(13, 1, 'testwithdraw')
data.setCell(13, 2, 'tests.Deposit_into_Account_Test')
data.setCell(13, 3, 13);
data.setCell(14, 0, 14)
data.setCell(14, 1, 'testmultipleLogin')
data.setCell(14, 2, 'tests.SignInTest')
data.setCell(14, 3, 0);
data.setCell(15, 0, 15)
data.setCell(15, 1, 'testTransfer')
data.setCell(15, 2, 'tests.Transfer_between_Accounts_Test')
data.setCell(15, 3, 0);
window.suiteTableData['test1']= { tableData: data, tableDiv: 'times-div-test1'}
return data;
}
              </script>
              <span class="suite-total-time">Total running time: 2 minutes</span>
              <div id="times-div-test1">
              </div> <!-- times-div-test1 -->
            </div> <!-- times-div -->
          </div> <!-- main-panel-content rounded-window-bottom -->
        </div> <!-- panel -->
        <div panel-name="reporter-test1" class="panel">
          <div class="main-panel-header rounded-window-top">
            <span class="header-content">Reporter output for test1</span>
          </div> <!-- main-panel-header rounded-window-top -->
          <div class="main-panel-content rounded-window-bottom">
          </div> <!-- main-panel-content rounded-window-bottom -->
        </div> <!-- panel -->
        <div panel-name="ignored-methods-test1" class="panel">
          <div class="main-panel-header rounded-window-top">
            <span class="header-content">21 ignored methods</span>
          </div> <!-- main-panel-header rounded-window-top -->
          <div class="main-panel-content rounded-window-bottom">
            <div class="ignored-class-div">
              <span class="ignored-class-name">tests.SignInTest</span>
              <div class="ignored-methods-div">
                <span class="ignored-method-name">getnameMethod</span>
                <br/>
                <span class="ignored-method-name">InitalizeExtentReport</span>
                <br/>
                <span class="ignored-method-name">generateReports</span>
                <br/>
              </div> <!-- ignored-methods-div -->
            </div> <!-- ignored-class-div -->
            <div class="ignored-class-div">
              <span class="ignored-class-name">tests.Search_TRN_View_Checking_Test</span>
              <div class="ignored-methods-div">
                <span class="ignored-method-name">generateReports</span>
                <br/>
                <span class="ignored-method-name">getnameMethod</span>
                <br/>
                <span class="ignored-method-name">InitalizeExtentReport</span>
                <br/>
              </div> <!-- ignored-methods-div -->
            </div> <!-- ignored-class-div -->
            <div class="ignored-class-div">
              <span class="ignored-class-name">tests.Withdraw_from_Account_Test</span>
              <div class="ignored-methods-div">
                <span class="ignored-method-name">InitalizeExtentReport</span>
                <br/>
                <span class="ignored-method-name">generateReports</span>
                <br/>
                <span class="ignored-method-name">getnameMethod</span>
                <br/>
              </div> <!-- ignored-methods-div -->
            </div> <!-- ignored-class-div -->
            <div class="ignored-class-div">
              <span class="ignored-class-name">tests.Deposit_into_Account_Test</span>
              <div class="ignored-methods-div">
                <span class="ignored-method-name">generateReports</span>
                <br/>
                <span class="ignored-method-name">getnameMethod</span>
                <br/>
                <span class="ignored-method-name">InitalizeExtentReport</span>
                <br/>
              </div> <!-- ignored-methods-div -->
            </div> <!-- ignored-class-div -->
            <div class="ignored-class-div">
              <span class="ignored-class-name">tests.Transfer_between_Accounts_Test</span>
              <div class="ignored-methods-div">
                <span class="ignored-method-name">getnameMethod</span>
                <br/>
                <span class="ignored-method-name">generateReports</span>
                <br/>
                <span class="ignored-method-name">InitalizeExtentReport</span>
                <br/>
              </div> <!-- ignored-methods-div -->
            </div> <!-- ignored-class-div -->
            <div class="ignored-class-div">
              <span class="ignored-class-name">tests.Search_TRN_View_Saving_Test</span>
              <div class="ignored-methods-div">
                <span class="ignored-method-name">getnameMethod</span>
                <br/>
                <span class="ignored-method-name">InitalizeExtentReport</span>
                <br/>
                <span class="ignored-method-name">generateReports</span>
                <br/>
              </div> <!-- ignored-methods-div -->
            </div> <!-- ignored-class-div -->
            <div class="ignored-class-div">
              <span class="ignored-class-name">tests.Direct_Payment_to_Visa_Test</span>
              <div class="ignored-methods-div">
                <span class="ignored-method-name">InitalizeExtentReport</span>
                <br/>
                <span class="ignored-method-name">getnameMethod</span>
                <br/>
                <span class="ignored-method-name">generateReports</span>
                <br/>
              </div> <!-- ignored-methods-div -->
            </div> <!-- ignored-class-div -->
          </div> <!-- main-panel-content rounded-window-bottom -->
        </div> <!-- panel -->
        <div panel-name="chronological-test1" class="panel">
          <div class="main-panel-header rounded-window-top">
            <span class="header-content">Methods in chronological order</span>
          </div> <!-- main-panel-header rounded-window-top -->
          <div class="main-panel-content rounded-window-bottom">
            <div class="chronological-class">
              <div class="chronological-class-name">tests.SignUpTest</div> <!-- chronological-class-name -->
              <div class="configuration-suite before">
                <span class="method-name">InitalizeExtentReport</span>
                <span class="method-start">0 ms</span>
              </div> <!-- configuration-suite before -->
              <div class="configuration-test before">
                <span class="method-name">getnameMethod(org.testng.TestRunner@4a14f7d7)</span>
                <span class="method-start">568 ms</span>
              </div> <!-- configuration-test before -->
              <div class="configuration-class before">
                <span class="method-name">getBrowser</span>
                <span class="method-start">619 ms</span>
              </div> <!-- configuration-class before -->
              <div class="configuration-method before">
                <span class="method-name">setup</span>
                <span class="method-start">12159 ms</span>
              </div> <!-- configuration-method before -->
              <div class="test-method">
                <span class="method-name">testSignUp</span>
                <span class="method-start">12188 ms</span>
              </div> <!-- test-method -->
              <div class="configuration-method after">
                <span class="method-name">generateTestStatus(public void tests.SignUpTest.testSignUp() throws java.lang.InterruptedException, [TestResult name=te...)</span>
                <span class="method-start">27478 ms</span>
              </div> <!-- configuration-method after -->
              <div class="configuration-method before">
                <span class="method-name">setup</span>
                <span class="method-start">27479 ms</span>
              </div> <!-- configuration-method before -->
              <div class="test-method">
                <img src="failed.png">
                </img>
                <span class="method-name">testSignUp</span>
                <span class="method-start">27479 ms</span>
              </div> <!-- test-method -->
              <div class="configuration-method after">
                <span class="method-name">generateTestStatus(public void tests.SignUpTest.testSignUp() throws java.lang.InterruptedException, [TestResult name=te...)</span>
                <span class="method-start">27693 ms</span>
              </div> <!-- configuration-method after -->
              <div class="configuration-class after">
                <span class="method-name">teardown</span>
                <span class="method-start">27701 ms</span>
              </div> <!-- configuration-class after -->
            </div> <!-- chronological-class -->
            <div class="chronological-class">
              <div class="chronological-class-name">tests.SignInTest</div> <!-- chronological-class-name -->
              <div class="configuration-class before">
                <span class="method-name">getBrowser</span>
                <span class="method-start">27876 ms</span>
              </div> <!-- configuration-class before -->
              <div class="test-method">
                <span class="method-name">testmultipleLogin(pruthvishree.k@mphasis.com, Admin@123)</span>
                <span class="method-start">32909 ms</span>
              </div> <!-- test-method -->
              <div class="configuration-method before">
                <span class="method-name">setup</span>
                <span class="method-start">32909 ms</span>
              </div> <!-- configuration-method before -->
              <div class="configuration-method after">
                <span class="method-name">generateTestStatus(public void tests.SignInTest.testmultipleLogin(java.lang.String,java.lang.String), [TestResult name=...)</span>
                <span class="method-start">32924 ms</span>
              </div> <!-- configuration-method after -->
              <div class="test-method">
                <img src="failed.png">
                </img>
                <span class="method-name">testmultipleLogin(pruthvishree.k@mphasis.com, Admin@123)</span>
                <span class="method-start">32987 ms</span>
              </div> <!-- test-method -->
              <div class="configuration-method before">
                <span class="method-name">setup</span>
                <span class="method-start">32987 ms</span>
              </div> <!-- configuration-method before -->
              <div class="configuration-method before">
                <span class="method-name">setup</span>
                <span class="method-start">33165 ms</span>
              </div> <!-- configuration-method before -->
              <div class="configuration-method after">
                <span class="method-name">generateTestStatus(public void tests.SignInTest.testmultipleLogin(java.lang.String,java.lang.String), [TestResult name=...)</span>
                <span class="method-start">33165 ms</span>
              </div> <!-- configuration-method after -->
              <div class="test-method">
                <span class="method-name">testmultipleLogin(sanjanapmm263@gmail.com, Veena@123)</span>
                <span class="method-start">33165 ms</span>
              </div> <!-- test-method -->
              <div class="configuration-method after">
                <span class="method-name">generateTestStatus(public void tests.SignInTest.testmultipleLogin(java.lang.String,java.lang.String), [TestResult name=...)</span>
                <span class="method-start">33181 ms</span>
              </div> <!-- configuration-method after -->
              <div class="configuration-method before">
                <span class="method-name">setup</span>
                <span class="method-start">33212 ms</span>
              </div> <!-- configuration-method before -->
              <div class="test-method">
                <img src="failed.png">
                </img>
                <span class="method-name">testmultipleLogin(sanjanapmm263@gmail.com, Veena@123)</span>
                <span class="method-start">33212 ms</span>
              </div> <!-- test-method -->
              <div class="configuration-method before">
                <span class="method-name">setup</span>
                <span class="method-start">33398 ms</span>
              </div> <!-- configuration-method before -->
              <div class="configuration-method after">
                <span class="method-name">generateTestStatus(public void tests.SignInTest.testmultipleLogin(java.lang.String,java.lang.String), [TestResult name=...)</span>
                <span class="method-start">33398 ms</span>
              </div> <!-- configuration-method after -->
              <div class="test-method">
                <span class="method-name">testmultipleLogin(pruthvishreesk58@gmail.com, Veena@123)</span>
                <span class="method-start">33398 ms</span>
              </div> <!-- test-method -->
              <div class="configuration-method after">
                <span class="method-name">generateTestStatus(public void tests.SignInTest.testmultipleLogin(java.lang.String,java.lang.String), [TestResult name=...)</span>
                <span class="method-start">33414 ms</span>
              </div> <!-- configuration-method after -->
              <div class="configuration-method before">
                <span class="method-name">setup</span>
                <span class="method-start">33461 ms</span>
              </div> <!-- configuration-method before -->
              <div class="test-method">
                <img src="failed.png">
                </img>
                <span class="method-name">testmultipleLogin(pruthvishreesk58@gmail.com, Veena@123)</span>
                <span class="method-start">33461 ms</span>
              </div> <!-- test-method -->
              <div class="configuration-method after">
                <span class="method-name">generateTestStatus(public void tests.SignInTest.testmultipleLogin(java.lang.String,java.lang.String), [TestResult name=...)</span>
                <span class="method-start">33616 ms</span>
              </div> <!-- configuration-method after -->
              <div class="configuration-class after">
                <span class="method-name">teardown</span>
                <span class="method-start">33616 ms</span>
              </div> <!-- configuration-class after -->
            </div> <!-- chronological-class -->
            <div class="chronological-class">
              <div class="chronological-class-name">tests.Deposit_into_Account_Test</div> <!-- chronological-class-name -->
              <div class="configuration-class before">
                <span class="method-name">getBrowser</span>
                <span class="method-start">33780 ms</span>
              </div> <!-- configuration-class before -->
              <div class="configuration-method before">
                <span class="method-name">setup</span>
                <span class="method-start">41417 ms</span>
              </div> <!-- configuration-method before -->
              <div class="test-method">
                <span class="method-name">testwithdraw</span>
                <span class="method-start">47506 ms</span>
              </div> <!-- test-method -->
              <div class="configuration-method after">
                <img src="failed.png">
                </img>
                <span class="method-name">logout</span>
                <span class="method-start">50643 ms</span>
              </div> <!-- configuration-method after -->
              <div class="configuration-method after">
                <span class="method-name">generateTestStatus</span>
                <span class="method-start">50665 ms</span>
              </div> <!-- configuration-method after -->
              <div class="configuration-method before">
                <span class="method-name">setup</span>
                <span class="method-start">50666 ms</span>
              </div> <!-- configuration-method before -->
              <div class="test-method">
                <img src="failed.png">
                </img>
                <span class="method-name">testwithdraw</span>
                <span class="method-start">50667 ms</span>
              </div> <!-- test-method -->
              <div class="configuration-class after">
                <span class="method-name">teardown</span>
                <span class="method-start">50804 ms</span>
              </div> <!-- configuration-class after -->
              <div class="configuration-method after">
                <span class="method-name">logout</span>
                <span class="method-start">50804 ms</span>
              </div> <!-- configuration-method after -->
            </div> <!-- chronological-class -->
            <div class="chronological-class">
              <div class="chronological-class-name">tests.Withdraw_from_Account_Test</div> <!-- chronological-class-name -->
              <div class="configuration-class before">
                <span class="method-name">getBrowser</span>
                <span class="method-start">50804 ms</span>
              </div> <!-- configuration-class before -->
            </div> <!-- chronological-class -->
            <div class="chronological-class">
              <div class="chronological-class-name">tests.Deposit_into_Account_Test</div> <!-- chronological-class-name -->
              <div class="configuration-method after">
                <span class="method-name">generateTestStatus</span>
                <span class="method-start">50804 ms</span>
              </div> <!-- configuration-method after -->
            </div> <!-- chronological-class -->
            <div class="chronological-class">
              <div class="chronological-class-name">tests.Withdraw_from_Account_Test</div> <!-- chronological-class-name -->
              <div class="configuration-method before">
                <span class="method-name">setup</span>
                <span class="method-start">58544 ms</span>
              </div> <!-- configuration-method before -->
              <div class="test-method">
                <span class="method-name">testwithdraw</span>
                <span class="method-start">65566 ms</span>
              </div> <!-- test-method -->
              <div class="configuration-method after">
                <span class="method-name">logout</span>
                <span class="method-start">95750 ms</span>
              </div> <!-- configuration-method after -->
              <div class="configuration-class after">
                <span class="method-name">teardown</span>
                <span class="method-start">100000 ms</span>
              </div> <!-- configuration-class after -->
              <div class="configuration-method after">
                <span class="method-name">generateTestStatus(public void tests.Withdraw_from_Account_Test.testwithdraw() throws java.lang.InterruptedException, [...)</span>
                <span class="method-start">100000 ms</span>
              </div> <!-- configuration-method after -->
            </div> <!-- chronological-class -->
            <div class="chronological-class">
              <div class="chronological-class-name">tests.Transfer_between_Accounts_Test</div> <!-- chronological-class-name -->
              <div class="configuration-class before">
                <span class="method-name">getBrowser</span>
                <span class="method-start">100191 ms</span>
              </div> <!-- configuration-class before -->
              <div class="configuration-method before">
                <img src="failed.png">
                </img>
                <span class="method-name">setup</span>
                <span class="method-start">104571 ms</span>
              </div> <!-- configuration-method before -->
              <div class="test-method">
                <span class="method-name">testTransfer</span>
                <span class="method-start">104601 ms</span>
              </div> <!-- test-method -->
              <div class="configuration-method after">
                <span class="method-name">logout</span>
                <span class="method-start">104611 ms</span>
              </div> <!-- configuration-method after -->
              <div class="configuration-method after">
                <span class="method-name">generateTestStatus</span>
                <span class="method-start">104612 ms</span>
              </div> <!-- configuration-method after -->
              <div class="configuration-class after">
                <span class="method-name">teardown</span>
                <span class="method-start">104614 ms</span>
              </div> <!-- configuration-class after -->
            </div> <!-- chronological-class -->
            <div class="chronological-class">
              <div class="chronological-class-name">tests.Direct_Payment_to_Visa_Test</div> <!-- chronological-class-name -->
              <div class="configuration-class before">
                <span class="method-name">getBrowser</span>
                <span class="method-start">104616 ms</span>
              </div> <!-- configuration-class before -->
              <div class="configuration-method before">
                <span class="method-name">setup</span>
                <span class="method-start">114265 ms</span>
              </div> <!-- configuration-method before -->
              <div class="test-method">
                <span class="method-name">testVisaPayment</span>
                <span class="method-start">123002 ms</span>
              </div> <!-- test-method -->
              <div class="configuration-method after">
                <span class="method-name">logout</span>
                <span class="method-start">189086 ms</span>
              </div> <!-- configuration-method after -->
              <div class="configuration-method after">
                <span class="method-name">generateTestStatus(public void tests.Direct_Payment_to_Visa_Test.testVisaPayment() throws java.lang.InterruptedExceptio...)</span>
                <span class="method-start">192831 ms</span>
              </div> <!-- configuration-method after -->
              <div class="configuration-method before">
                <span class="method-name">setup</span>
                <span class="method-start">192832 ms</span>
              </div> <!-- configuration-method before -->
              <div class="test-method">
                <img src="failed.png">
                </img>
                <span class="method-name">testVisaPayment</span>
                <span class="method-start">199822 ms</span>
              </div> <!-- test-method -->
              <div class="configuration-method after">
                <span class="method-name">logout</span>
                <span class="method-start">231271 ms</span>
              </div> <!-- configuration-method after -->
              <div class="configuration-method after">
                <span class="method-name">generateTestStatus(public void tests.Direct_Payment_to_Visa_Test.testVisaPayment() throws java.lang.InterruptedExceptio...)</span>
                <span class="method-start">235322 ms</span>
              </div> <!-- configuration-method after -->
              <div class="configuration-class after">
                <span class="method-name">teardown</span>
                <span class="method-start">235323 ms</span>
              </div> <!-- configuration-class after -->
            </div> <!-- chronological-class -->
            <div class="chronological-class">
              <div class="chronological-class-name">tests.Search_TRN_View_Checking_Test</div> <!-- chronological-class-name -->
              <div class="configuration-class before">
                <span class="method-name">getBrowser</span>
                <span class="method-start">235629 ms</span>
              </div> <!-- configuration-class before -->
              <div class="configuration-method before">
                <span class="method-name">setup</span>
                <span class="method-start">245137 ms</span>
              </div> <!-- configuration-method before -->
              <div class="test-method">
                <span class="method-name">testSearchTRN</span>
                <span class="method-start">251700 ms</span>
              </div> <!-- test-method -->
              <div class="configuration-method after">
                <span class="method-name">logout</span>
                <span class="method-start">257484 ms</span>
              </div> <!-- configuration-method after -->
              <div class="configuration-method after">
                <span class="method-name">generateTestStatus(public void tests.Search_TRN_View_Checking_Test.testSearchTRN(), [TestResult name=testSearchTRN stat...)</span>
                <span class="method-start">261264 ms</span>
              </div> <!-- configuration-method after -->
              <div class="configuration-class after">
                <span class="method-name">teardown</span>
                <span class="method-start">261264 ms</span>
              </div> <!-- configuration-class after -->
            </div> <!-- chronological-class -->
            <div class="chronological-class">
              <div class="chronological-class-name">tests.Search_TRN_View_Saving_Test</div> <!-- chronological-class-name -->
              <div class="configuration-class before">
                <span class="method-name">getBrowser</span>
                <span class="method-start">261436 ms</span>
              </div> <!-- configuration-class before -->
              <div class="configuration-method before">
                <span class="method-name">setup</span>
                <span class="method-start">269403 ms</span>
              </div> <!-- configuration-method before -->
              <div class="test-method">
                <span class="method-name">testSearchTRN</span>
                <span class="method-start">275421 ms</span>
              </div> <!-- test-method -->
              <div class="configuration-method after">
                <span class="method-name">logout</span>
                <span class="method-start">280406 ms</span>
              </div> <!-- configuration-method after -->
              <div class="configuration-method after">
                <span class="method-name">generateTestStatus(public void tests.Search_TRN_View_Saving_Test.testSearchTRN(), [TestResult name=testSearchTRN status...)</span>
                <span class="method-start">284668 ms</span>
              </div> <!-- configuration-method after -->
              <div class="configuration-class after">
                <span class="method-name">teardown</span>
                <span class="method-start">284668 ms</span>
              </div> <!-- configuration-class after -->
            </div> <!-- chronological-class -->
            <div class="chronological-class">
              <div class="chronological-class-name">tests.SignUpTest</div> <!-- chronological-class-name -->
              <div class="configuration-suite after">
                <span class="method-name">generateReports</span>
                <span class="method-start">284856 ms</span>
              </div> <!-- configuration-suite after -->
          </div> <!-- main-panel-content rounded-window-bottom -->
        </div> <!-- panel -->
      </div> <!-- main-panel-root -->
    </div> <!-- wrapper -->
  </body>
<script type="text/javascript" src="testng-reports2.js"></script>
</html>
